  [4;36;1mSQL (1.0ms)[0m   [0;1m SELECT name
 FROM sqlite_master
 WHERE type = 'table' AND NOT name = 'sqlite_sequence'
[0m
  [4;35;1mSQL (0.0ms)[0m   [0mselect sqlite_version(*)[0m
  [4;36;1mSQL (89.0ms)[0m   [0;1mCREATE TABLE "schema_migrations" ("version" varchar(255) NOT NULL) [0m
  [4;35;1mSQL (66.0ms)[0m   [0mCREATE UNIQUE INDEX "unique_schema_migrations" ON "schema_migrations" ("version")[0m
  [4;36;1mSQL (0.0ms)[0m   [0;1m SELECT name
 FROM sqlite_master
 WHERE type = 'table' AND NOT name = 'sqlite_sequence'
[0m
  [4;35;1mSQL (1.0ms)[0m   [0mSELECT version FROM schema_migrations[0m
Migrating to CreateUsers (20100316151928)
  [4;36;1mSQL (2.0ms)[0m   [0;1mCREATE TABLE "users" ("id" INTEGER PRIMARY KEY AUTOINCREMENT NOT NULL, "name" varchar(255), "login" varchar(255), "password" varchar(255), "created_at" datetime, "updated_at" datetime) [0m
  [4;35;1mSQL (0.0ms)[0m   [0mINSERT INTO schema_migrations (version) VALUES ('20100316151928')[0m
  [4;36;1mSQL (1.0ms)[0m   [0;1m SELECT name
 FROM sqlite_master
 WHERE type = 'table' AND NOT name = 'sqlite_sequence'
[0m
  [4;35;1mSQL (0.0ms)[0m   [0mSELECT version FROM schema_migrations[0m
  [4;36;1mSQL (1.0ms)[0m   [0;1m SELECT name
 FROM sqlite_master
 WHERE type = 'table' AND NOT name = 'sqlite_sequence'
[0m
  [4;35;1mSQL (0.0ms)[0m   [0mPRAGMA index_list("users")[0m


Processing UsersController#index (for 127.0.0.1 at 2010-03-16 21:38:17) [GET]
Rendering users/index
Completed in 34ms (View: 28, DB: 0) | 200 OK [http://localhost/users]


Processing SessionsController#new (for 127.0.0.1 at 2010-03-16 21:38:22) [GET]
Rendering sessions/new

ActionView::TemplateError (undefined local variable or method `sessions_path' for #<ActionView::Base:0x546198c>) on line #5 of app/views/sessions/new.html.erb:
2:  <% if flash[:error] %>
3:       <%= flash[:error] %>
4:  <% end %>
5: <p><% form_tag sessions_path do %>
6: 	Login: <%= text_field_tag :login %>
7: 	Password: <%= text_field_tag :password %>
8:    <% end %>

    app/views/sessions/new.html.erb:5

Rendered rescues/_trace (453.0ms)
Rendered rescues/_request_and_response (3.0ms)
Rendering rescues/layout (internal_server_error)


Processing SessionsController#destroy (for 127.0.0.1 at 2010-03-16 21:38:39) [GET]

ActionView::MissingTemplate (Missing template sessions/destroy.erb in view path app/views):
  

Rendering rescues/layout (internal_server_error)


Processing SessionsController#destroy (for 127.0.0.1 at 2010-03-16 21:42:00) [GET]
Redirected to http://localhost:3000/users
Completed in 11ms (DB: 0) | 302 Found [http://localhost/logout]


Processing UsersController#index (for 127.0.0.1 at 2010-03-16 21:42:01) [GET]
Rendering users/index
Completed in 7ms (View: 2, DB: 0) | 200 OK [http://localhost/users]


Processing SessionsController#new (for 127.0.0.1 at 2010-03-16 21:42:05) [GET]
Rendering sessions/new
Completed in 244ms (View: 240, DB: 0) | 200 OK [http://localhost/login]


Processing SessionsController#create (for 127.0.0.1 at 2010-03-16 21:42:10) [POST]
  Parameters: {"authenticity_token"=>"lKmsYVgKfDAwtCoD0vh3HFziTcX5Pio03/ulw4QO3uA=", "login"=>"123", "password"=>"sd"}
Redirected to http://localhost:3000/users
Completed in 5ms (DB: 0) | 302 Found [http://localhost/sessions]


Processing UsersController#index (for 127.0.0.1 at 2010-03-16 21:42:11) [GET]
Rendering users/index
Completed in 6ms (View: 3, DB: 0) | 200 OK [http://localhost/users]


Processing UsersController#index (for 127.0.0.1 at 2010-03-16 21:48:41) [GET]
  [4;36;1mUser Load (1.0ms)[0m   [0;1mSELECT * FROM "users" [0m
Rendering users/index
Completed in 25ms (View: 5, DB: 1) | 200 OK [http://localhost/users]


Processing UsersController#index (for 127.0.0.1 at 2010-03-16 21:49:56) [GET]
  [4;35;1mUser Load (1.0ms)[0m   [0mSELECT * FROM "users" [0m
Rendering users/index
Completed in 34ms (View: 20, DB: 1) | 200 OK [http://localhost/users]


Processing UsersController#new (for 127.0.0.1 at 2010-03-16 21:50:01) [GET]
Rendering users/new
Completed in 105ms (View: 63, DB: 0) | 200 OK [http://localhost/users/new]


Processing UsersController#create (for 127.0.0.1 at 2010-03-16 21:50:17) [POST]
  Parameters: {"commit"=>"Create", "authenticity_token"=>"lKmsYVgKfDAwtCoD0vh3HFziTcX5Pio03/ulw4QO3uA=", "user"=>{"name"=>"Sasha Belozerov", "password"=>"mypass", "login"=>"ab"}}
  [4;36;1mUser Create (5.0ms)[0m   [0;1mINSERT INTO "users" ("name", "created_at", "updated_at", "login", "password") VALUES('Sasha Belozerov', '2010-03-16 15:50:17', '2010-03-16 15:50:17', 'ab', 'mypass')[0m
Redirected to http://localhost:3000/users
Completed in 238ms (DB: 5) | 302 Found [http://localhost/users]


Processing UsersController#index (for 127.0.0.1 at 2010-03-16 21:50:18) [GET]
  [4;35;1mUser Load (3.0ms)[0m   [0mSELECT * FROM "users" [0m
Rendering users/index
Completed in 37ms (View: 20, DB: 3) | 200 OK [http://localhost/users]


Processing UsersController#destroy (for 127.0.0.1 at 2010-03-16 21:50:25) [DELETE]
  Parameters: {"authenticity_token"=>"lKmsYVgKfDAwtCoD0vh3HFziTcX5Pio03/ulw4QO3uA=", "id"=>"1"}
Rendering users/destroy
Completed in 61ms (View: 55, DB: 0) | 200 OK [http://localhost/users/1]


Processing UsersController#index (for 127.0.0.1 at 2010-03-16 21:50:31) [GET]
  [4;36;1mUser Load (2.0ms)[0m   [0;1mSELECT * FROM "users" [0m
Rendering users/index
Completed in 81ms (View: 27, DB: 2) | 200 OK [http://localhost/users]


Processing SessionsController#index (for 127.0.0.1 at 2010-03-16 21:50:40) [GET]

ActionController::UnknownAction (No action responded to index. Actions: create and destroy):
  

Rendering rescues/layout (not_found)


Processing SessionsController#new (for 127.0.0.1 at 2010-03-16 21:50:58) [GET]
Rendering sessions/new
Completed in 18ms (View: 15, DB: 0) | 200 OK [http://localhost/login]


Processing SessionsController#create (for 127.0.0.1 at 2010-03-16 21:51:06) [POST]
  Parameters: {"authenticity_token"=>"lKmsYVgKfDAwtCoD0vh3HFziTcX5Pio03/ulw4QO3uA=", "login"=>"ab", "password"=>"mapass"}
  [4;35;1mUser Load (1.0ms)[0m   [0mSELECT * FROM "users" [0m
Redirected to http://localhost:3000/login

ActionController::DoubleRenderError (Render and/or redirect were called multiple times in this action. Please note that you may only call render OR redirect, and at most once per action. Also note that neither redirect nor render terminate execution of the action, so if you want to exit an action after redirecting, you need to do something like "redirect_to(...) and return".):
  app/controllers/sessions_controller.rb:16:in `create'

Rendered rescues/_trace (294.0ms)
Rendered rescues/_request_and_response (1.0ms)
Rendering rescues/layout (internal_server_error)


Processing SessionsController#new (for 127.0.0.1 at 2010-03-16 21:52:21) [GET]
Rendering sessions/new
Completed in 12ms (View: 7, DB: 0) | 200 OK [http://localhost/login]


Processing SessionsController#create (for 127.0.0.1 at 2010-03-16 21:52:26) [POST]
  Parameters: {"authenticity_token"=>"lKmsYVgKfDAwtCoD0vh3HFziTcX5Pio03/ulw4QO3uA=", "login"=>"ab", "password"=>"mapas"}
  [4;36;1mUser Load (1.0ms)[0m   [0;1mSELECT * FROM "users" [0m
Redirected to http://localhost:3000/login

ActionController::DoubleRenderError (Render and/or redirect were called multiple times in this action. Please note that you may only call render OR redirect, and at most once per action. Also note that neither redirect nor render terminate execution of the action, so if you want to exit an action after redirecting, you need to do something like "redirect_to(...) and return".):
  app/controllers/sessions_controller.rb:16:in `create'

Rendered rescues/_trace (145.0ms)
Rendered rescues/_request_and_response (0.0ms)
Rendering rescues/layout (internal_server_error)


Processing SessionsController#new (for 127.0.0.1 at 2010-03-16 21:53:55) [GET]
Rendering sessions/new
Completed in 14ms (View: 7, DB: 0) | 200 OK [http://localhost/login]


Processing SessionsController#create (for 127.0.0.1 at 2010-03-16 21:54:00) [POST]
  Parameters: {"authenticity_token"=>"lKmsYVgKfDAwtCoD0vh3HFziTcX5Pio03/ulw4QO3uA=", "login"=>"ab", "password"=>"mapass"}
  [4;35;1mUser Load (2.0ms)[0m   [0mSELECT * FROM "users" [0m
Redirected to http://localhost:3000/login
Completed in 28ms (DB: 2) | 302 Found [http://localhost/sessions]


Processing SessionsController#new (for 127.0.0.1 at 2010-03-16 21:54:01) [GET]
Rendering sessions/new
Completed in 12ms (View: 5, DB: 0) | 200 OK [http://localhost/login]


Processing SessionsController#create (for 127.0.0.1 at 2010-03-16 21:54:10) [POST]
  Parameters: {"authenticity_token"=>"lKmsYVgKfDAwtCoD0vh3HFziTcX5Pio03/ulw4QO3uA=", "login"=>"ab ", "password"=>"mypass"}
  [4;36;1mUser Load (1.0ms)[0m   [0;1mSELECT * FROM "users" [0m
Redirected to http://localhost:3000/login
Completed in 28ms (DB: 1) | 302 Found [http://localhost/sessions]


Processing SessionsController#new (for 127.0.0.1 at 2010-03-16 21:54:11) [GET]
Rendering sessions/new
Completed in 15ms (View: 12, DB: 0) | 200 OK [http://localhost/login]


Processing SessionsController#create (for 127.0.0.1 at 2010-03-16 21:54:15) [POST]
  Parameters: {"authenticity_token"=>"lKmsYVgKfDAwtCoD0vh3HFziTcX5Pio03/ulw4QO3uA=", "login"=>"ab", "password"=>"mypass"}
  [4;35;1mUser Load (3.0ms)[0m   [0mSELECT * FROM "users" [0m

NoMethodError (undefined method `find' for #<User:0x714ba48>):
  app/controllers/sessions_controller.rb:9:in `create'
  app/controllers/sessions_controller.rb:6:in `each'
  app/controllers/sessions_controller.rb:6:in `create'

Rendered rescues/_trace (291.0ms)
Rendered rescues/_request_and_response (7.0ms)
Rendering rescues/layout (internal_server_error)


Processing SessionsController#create (for 127.0.0.1 at 2010-03-16 21:55:01) [POST]
  Parameters: {"authenticity_token"=>"lKmsYVgKfDAwtCoD0vh3HFziTcX5Pio03/ulw4QO3uA=", "login"=>"ab", "password"=>"mypass"}
  [4;36;1mUser Load (1.0ms)[0m   [0;1mSELECT * FROM "users" [0m
  [4;35;1mUser Load (8.0ms)[0m   [0mSELECT * FROM "users" WHERE ("users"."id" = 1) [0m
Redirected to http://localhost:3000/users
Completed in 32ms (DB: 9) | 302 Found [http://localhost/sessions]


Processing UsersController#index (for 127.0.0.1 at 2010-03-16 21:55:02) [GET]
  [4;36;1mUser Load (1.0ms)[0m   [0;1mSELECT * FROM "users" [0m
Rendering users/index
Completed in 40ms (View: 22, DB: 1) | 200 OK [http://localhost/users]


Processing SessionsController#new (for 127.0.0.1 at 2010-03-16 21:55:07) [GET]
Rendering sessions/new
Completed in 10ms (View: 7, DB: 0) | 200 OK [http://localhost/login]


Processing SessionsController#create (for 127.0.0.1 at 2010-03-16 21:55:13) [POST]
  Parameters: {"authenticity_token"=>"lKmsYVgKfDAwtCoD0vh3HFziTcX5Pio03/ulw4QO3uA=", "login"=>"ab", "password"=>"mypass"}
  [4;35;1mUser Load (7.0ms)[0m   [0mSELECT * FROM "users" [0m
  [4;36;1mUser Load (1.0ms)[0m   [0;1mSELECT * FROM "users" WHERE ("users"."id" = 1) [0m
Redirected to http://localhost:3000/users
Completed in 32ms (DB: 8) | 302 Found [http://localhost/sessions]


Processing UsersController#index (for 127.0.0.1 at 2010-03-16 21:55:14) [GET]
  [4;35;1mUser Load (1.0ms)[0m   [0mSELECT * FROM "users" [0m
Rendering users/index
Completed in 46ms (View: 24, DB: 1) | 200 OK [http://localhost/users]


Processing UsersController#index (for 127.0.0.1 at 2010-03-16 21:57:08) [GET]
  [4;36;1mUser Load (1.0ms)[0m   [0;1mSELECT * FROM "users" [0m
Rendering users/index
Completed in 39ms (View: 24, DB: 1) | 200 OK [http://localhost/users]


Processing UsersController#destroy (for 127.0.0.1 at 2010-03-16 21:57:11) [DELETE]
  Parameters: {"authenticity_token"=>"lKmsYVgKfDAwtCoD0vh3HFziTcX5Pio03/ulw4QO3uA=", "id"=>"1"}
  [4;35;1mUser Load (1.0ms)[0m   [0mSELECT * FROM "users" WHERE ("users"."id" = 1) [0m
  [4;36;1mUser Destroy (1.0ms)[0m   [0;1mDELETE FROM "users" WHERE "id" = 1[0m
Redirected to http://localhost:3000/users
Completed in 171ms (DB: 2) | 302 Found [http://localhost/users/1]


Processing UsersController#index (for 127.0.0.1 at 2010-03-16 21:57:12) [GET]
  [4;35;1mUser Load (0.0ms)[0m   [0mSELECT * FROM "users" [0m
Rendering users/index
Completed in 26ms (View: 4, DB: 0) | 200 OK [http://localhost/users]


Processing UsersController#new (for 127.0.0.1 at 2010-03-16 21:57:13) [GET]
Rendering users/new
Completed in 88ms (View: 23, DB: 0) | 200 OK [http://localhost/users/new]


Processing UsersController#create (for 127.0.0.1 at 2010-03-16 21:57:18) [POST]
  Parameters: {"commit"=>"Create", "authenticity_token"=>"lKmsYVgKfDAwtCoD0vh3HFziTcX5Pio03/ulw4QO3uA=", "user"=>{"name"=>"sf", "password"=>"dghg", "login"=>"dhdsgh"}}
  [4;36;1mUser Create (1.0ms)[0m   [0;1mINSERT INTO "users" ("name", "created_at", "updated_at", "login", "password") VALUES('sf', '2010-03-16 15:57:18', '2010-03-16 15:57:18', 'dhdsgh', 'dghg')[0m
Redirected to http://localhost:3000/users
Completed in 136ms (DB: 1) | 302 Found [http://localhost/users]


Processing UsersController#index (for 127.0.0.1 at 2010-03-16 21:57:19) [GET]
  [4;35;1mUser Load (5.0ms)[0m   [0mSELECT * FROM "users" [0m
Rendering users/index
Completed in 93ms (View: 62, DB: 5) | 200 OK [http://localhost/users]


Processing UsersController#new (for 127.0.0.1 at 2010-03-16 21:57:23) [GET]
Rendering users/new
Completed in 42ms (View: 17, DB: 0) | 200 OK [http://localhost/users/new]


Processing UsersController#create (for 127.0.0.1 at 2010-03-16 21:57:27) [POST]
  Parameters: {"commit"=>"Create", "authenticity_token"=>"lKmsYVgKfDAwtCoD0vh3HFziTcX5Pio03/ulw4QO3uA=", "user"=>{"name"=>"324", "password"=>"g", "login"=>"sd"}}
  [4;36;1mUser Create (8.0ms)[0m   [0;1mINSERT INTO "users" ("name", "created_at", "updated_at", "login", "password") VALUES('324', '2010-03-16 15:57:27', '2010-03-16 15:57:27', 'sd', 'g')[0m
Redirected to http://localhost:3000/users
Completed in 168ms (DB: 8) | 302 Found [http://localhost/users]


Processing UsersController#index (for 127.0.0.1 at 2010-03-16 21:57:28) [GET]
  [4;35;1mUser Load (2.0ms)[0m   [0mSELECT * FROM "users" [0m
Rendering users/index
Completed in 52ms (View: 36, DB: 2) | 200 OK [http://localhost/users]


Processing UsersController#index (for 127.0.0.1 at 2010-03-16 21:58:35) [GET]
  [4;36;1mUser Load (2.0ms)[0m   [0;1mSELECT * FROM "users" [0m
Rendering users/index
ERROR: compiling _run_erb_app47views47users47index46html46erb RAISED compile error
C:/Users/AB/Documents/socialnet/app/views/users/index.html.erb:26: syntax error, unexpected kENSURE, expecting kEND
C:/Users/AB/Documents/socialnet/app/views/users/index.html.erb:28: syntax error, unexpected $end, expecting kEND
Function body:           def _run_erb_app47views47users47index46html46erb(local_assigns)
            old_output_buffer = output_buffer;;@output_buffer = '';  __in_erb_template=true ; @output_buffer.concat "<h1>Listing users</h1>\n\n"

;  if flash[:error] ; @output_buffer.concat "\n      "
; @output_buffer.concat(( flash[:error] ).to_s); @output_buffer.concat "\n"
;  if flash[:notice] ; @output_buffer.concat "\n      "
; @output_buffer.concat(( flash[:notice] ).to_s); @output_buffer.concat "\n<table>\n  <tr>\n    <th>name</th>\n    <th>login</th>\n    <th>password</th>\n  </tr>\n\n"







;  @users.each do |user| ; @output_buffer.concat "\n  <tr>\n    <td>"

; @output_buffer.concat((h user.name ).to_s); @output_buffer.concat "</td>\n    <td>"
; @output_buffer.concat((h user.login ).to_s); @output_buffer.concat "</td>\n    <td>"
; @output_buffer.concat((h user.password ).to_s); @output_buffer.concat "</td>\n\n    <td>"

; @output_buffer.concat(( link_to 'Destroy', user, :confirm => 'Are you sure?', :method => :delete ).to_s); @output_buffer.concat "</td>\n  </tr>\n"

;  end ; @output_buffer.concat "\n</table>\n\n"


; @output_buffer.concat(( link_to 'New user', new_user_path ).to_s); @output_buffer
          ensure
            self.output_buffer = old_output_buffer
          end
Backtrace: C:/Users/AB/Documents/socialnet/app/views/users/index.html.erb:28:in `compile!'
c:/Ruby/187/lib/ruby/gems/1.8/gems/actionpack-2.3.5/lib/action_view/renderable.rb:61:in `compile'
c:/Ruby/187/lib/ruby/gems/1.8/gems/actionpack-2.3.5/lib/action_view/renderable.rb:28:in `render'
c:/Ruby/187/lib/ruby/gems/1.8/gems/actionpack-2.3.5/lib/action_view/template.rb:205:in `render_template'
c:/Ruby/187/lib/ruby/gems/1.8/gems/actionpack-2.3.5/lib/action_view/base.rb:265:in `render'
c:/Ruby/187/lib/ruby/gems/1.8/gems/actionpack-2.3.5/lib/action_controller/base.rb:1250:in `render_for_file'
c:/Ruby/187/lib/ruby/gems/1.8/gems/actionpack-2.3.5/lib/action_controller/base.rb:945:in `render_without_benchmark'
c:/Ruby/187/lib/ruby/gems/1.8/gems/actionpack-2.3.5/lib/action_controller/benchmarking.rb:51:in `render'
c:/Ruby/187/lib/ruby/gems/1.8/gems/activesupport-2.3.5/lib/active_support/core_ext/benchmark.rb:17:in `ms'
c:/Ruby/187/lib/ruby/1.8/benchmark.rb:308:in `realtime'
c:/Ruby/187/lib/ruby/gems/1.8/gems/activesupport-2.3.5/lib/active_support/core_ext/benchmark.rb:17:in `ms'
c:/Ruby/187/lib/ruby/gems/1.8/gems/actionpack-2.3.5/lib/action_controller/benchmarking.rb:51:in `render'
c:/Ruby/187/lib/ruby/gems/1.8/gems/actionpack-2.3.5/lib/action_controller/base.rb:1326:in `default_render'
c:/Ruby/187/lib/ruby/gems/1.8/gems/actionpack-2.3.5/lib/action_controller/base.rb:1332:in `perform_action_without_filters'
c:/Ruby/187/lib/ruby/gems/1.8/gems/actionpack-2.3.5/lib/action_controller/filters.rb:617:in `call_filters'
c:/Ruby/187/lib/ruby/gems/1.8/gems/actionpack-2.3.5/lib/action_controller/filters.rb:610:in `perform_action_without_benchmark'
c:/Ruby/187/lib/ruby/gems/1.8/gems/actionpack-2.3.5/lib/action_controller/benchmarking.rb:68:in `perform_action_without_rescue'
c:/Ruby/187/lib/ruby/gems/1.8/gems/activesupport-2.3.5/lib/active_support/core_ext/benchmark.rb:17:in `ms'
c:/Ruby/187/lib/ruby/1.8/benchmark.rb:308:in `realtime'
c:/Ruby/187/lib/ruby/gems/1.8/gems/activesupport-2.3.5/lib/active_support/core_ext/benchmark.rb:17:in `ms'
c:/Ruby/187/lib/ruby/gems/1.8/gems/actionpack-2.3.5/lib/action_controller/benchmarking.rb:68:in `perform_action_without_rescue'
c:/Ruby/187/lib/ruby/gems/1.8/gems/actionpack-2.3.5/lib/action_controller/rescue.rb:160:in `perform_action_without_flash'
c:/Ruby/187/lib/ruby/gems/1.8/gems/actionpack-2.3.5/lib/action_controller/flash.rb:146:in `perform_action'
c:/Ruby/187/lib/ruby/gems/1.8/gems/actionpack-2.3.5/lib/action_controller/base.rb:532:in `send'
c:/Ruby/187/lib/ruby/gems/1.8/gems/actionpack-2.3.5/lib/action_controller/base.rb:532:in `process_without_filters'
c:/Ruby/187/lib/ruby/gems/1.8/gems/actionpack-2.3.5/lib/action_controller/filters.rb:606:in `process'
c:/Ruby/187/lib/ruby/gems/1.8/gems/actionpack-2.3.5/lib/action_controller/base.rb:391:in `process'
c:/Ruby/187/lib/ruby/gems/1.8/gems/actionpack-2.3.5/lib/action_controller/base.rb:386:in `call'
c:/Ruby/187/lib/ruby/gems/1.8/gems/actionpack-2.3.5/lib/action_controller/routing/route_set.rb:437:in `call'
c:/Ruby/187/lib/ruby/gems/1.8/gems/actionpack-2.3.5/lib/action_controller/dispatcher.rb:87:in `dispatch'
c:/Ruby/187/lib/ruby/gems/1.8/gems/actionpack-2.3.5/lib/action_controller/dispatcher.rb:121:in `_call'
c:/Ruby/187/lib/ruby/gems/1.8/gems/actionpack-2.3.5/lib/action_controller/dispatcher.rb:130:in `build_middleware_stack'
c:/Ruby/187/lib/ruby/gems/1.8/gems/activerecord-2.3.5/lib/active_record/query_cache.rb:29:in `call'
c:/Ruby/187/lib/ruby/gems/1.8/gems/activerecord-2.3.5/lib/active_record/query_cache.rb:29:in `call'
c:/Ruby/187/lib/ruby/gems/1.8/gems/activerecord-2.3.5/lib/active_record/connection_adapters/abstract/query_cache.rb:34:in `cache'
c:/Ruby/187/lib/ruby/gems/1.8/gems/activerecord-2.3.5/lib/active_record/query_cache.rb:9:in `cache'
c:/Ruby/187/lib/ruby/gems/1.8/gems/activerecord-2.3.5/lib/active_record/query_cache.rb:28:in `call'
c:/Ruby/187/lib/ruby/gems/1.8/gems/activerecord-2.3.5/lib/active_record/connection_adapters/abstract/connection_pool.rb:361:in `call'
c:/Ruby/187/lib/ruby/gems/1.8/gems/actionpack-2.3.5/lib/action_controller/string_coercion.rb:25:in `call'
c:/Ruby/187/lib/ruby/gems/1.8/gems/rack-1.0.1/lib/rack/head.rb:9:in `call'
c:/Ruby/187/lib/ruby/gems/1.8/gems/rack-1.0.1/lib/rack/methodoverride.rb:24:in `call'
c:/Ruby/187/lib/ruby/gems/1.8/gems/actionpack-2.3.5/lib/action_controller/params_parser.rb:15:in `call'
c:/Ruby/187/lib/ruby/gems/1.8/gems/actionpack-2.3.5/lib/action_controller/session/cookie_store.rb:93:in `call'
c:/Ruby/187/lib/ruby/gems/1.8/gems/actionpack-2.3.5/lib/action_controller/failsafe.rb:26:in `call'
c:/Ruby/187/lib/ruby/gems/1.8/gems/rack-1.0.1/lib/rack/lock.rb:11:in `call'
c:/Ruby/187/lib/ruby/gems/1.8/gems/rack-1.0.1/lib/rack/lock.rb:11:in `synchronize'
c:/Ruby/187/lib/ruby/gems/1.8/gems/rack-1.0.1/lib/rack/lock.rb:11:in `call'
c:/Ruby/187/lib/ruby/gems/1.8/gems/actionpack-2.3.5/lib/action_controller/dispatcher.rb:114:in `call'
c:/Ruby/187/lib/ruby/gems/1.8/gems/actionpack-2.3.5/lib/action_controller/reloader.rb:34:in `run'
c:/Ruby/187/lib/ruby/gems/1.8/gems/actionpack-2.3.5/lib/action_controller/dispatcher.rb:108:in `call'
c:/Ruby/187/lib/ruby/gems/1.8/gems/rails-2.3.5/lib/rails/rack/static.rb:31:in `call'
c:/Ruby/187/lib/ruby/gems/1.8/gems/rack-1.0.1/lib/rack/urlmap.rb:46:in `call'
c:/Ruby/187/lib/ruby/gems/1.8/gems/rack-1.0.1/lib/rack/urlmap.rb:40:in `each'
c:/Ruby/187/lib/ruby/gems/1.8/gems/rack-1.0.1/lib/rack/urlmap.rb:40:in `call'
c:/Ruby/187/lib/ruby/gems/1.8/gems/rails-2.3.5/lib/rails/rack/log_tailer.rb:17:in `call'
c:/Ruby/187/lib/ruby/gems/1.8/gems/rack-1.0.1/lib/rack/content_length.rb:13:in `call'
c:/Ruby/187/lib/ruby/gems/1.8/gems/rack-1.0.1/lib/rack/chunked.rb:15:in `call'
c:/Ruby/187/lib/ruby/gems/1.8/gems/rack-1.0.1/lib/rack/handler/mongrel.rb:64:in `process'
c:/Ruby/187/lib/ruby/gems/1.8/gems/mongrel-1.1.5-x86-mswin32-60/lib/mongrel.rb:159:in `process_client'
c:/Ruby/187/lib/ruby/gems/1.8/gems/mongrel-1.1.5-x86-mswin32-60/lib/mongrel.rb:158:in `each'
c:/Ruby/187/lib/ruby/gems/1.8/gems/mongrel-1.1.5-x86-mswin32-60/lib/mongrel.rb:158:in `process_client'
c:/Ruby/187/lib/ruby/gems/1.8/gems/mongrel-1.1.5-x86-mswin32-60/lib/mongrel.rb:285:in `run'
c:/Ruby/187/lib/ruby/gems/1.8/gems/mongrel-1.1.5-x86-mswin32-60/lib/mongrel.rb:285:in `initialize'
c:/Ruby/187/lib/ruby/gems/1.8/gems/mongrel-1.1.5-x86-mswin32-60/lib/mongrel.rb:285:in `new'
c:/Ruby/187/lib/ruby/gems/1.8/gems/mongrel-1.1.5-x86-mswin32-60/lib/mongrel.rb:285:in `run'
c:/Ruby/187/lib/ruby/gems/1.8/gems/mongrel-1.1.5-x86-mswin32-60/lib/mongrel.rb:268:in `initialize'
c:/Ruby/187/lib/ruby/gems/1.8/gems/mongrel-1.1.5-x86-mswin32-60/lib/mongrel.rb:268:in `new'
c:/Ruby/187/lib/ruby/gems/1.8/gems/mongrel-1.1.5-x86-mswin32-60/lib/mongrel.rb:268:in `run'
c:/Ruby/187/lib/ruby/gems/1.8/gems/rack-1.0.1/lib/rack/handler/mongrel.rb:34:in `run'
c:/Ruby/187/lib/ruby/gems/1.8/gems/rails-2.3.5/lib/commands/server.rb:111
c:/Ruby/187/lib/ruby/site_ruby/1.8/rubygems/custom_require.rb:31:in `gem_original_require'
c:/Ruby/187/lib/ruby/site_ruby/1.8/rubygems/custom_require.rb:31:in `require'
script/server:3

ActionView::TemplateError (compile error
C:/Users/AB/Documents/socialnet/app/views/users/index.html.erb:26: syntax error, unexpected kENSURE, expecting kEND
C:/Users/AB/Documents/socialnet/app/views/users/index.html.erb:28: syntax error, unexpected $end, expecting kEND) on line #26 of app/views/users/index.html.erb:
23: </table>
24: 
25: <%= link_to 'New user', new_user_path %>

    app/views/users/index.html.erb:28:in `compile!'

Rendered rescues/_trace (163.0ms)
Rendered rescues/_request_and_response (1.0ms)
Rendering rescues/layout (internal_server_error)


Processing UsersController#index (for 127.0.0.1 at 2010-03-16 21:59:07) [GET]
  [4;35;1mUser Load (2.0ms)[0m   [0mSELECT * FROM "users" [0m
Rendering users/index
ERROR: compiling _run_erb_app47views47users47index46html46erb RAISED compile error
C:/Users/AB/Documents/socialnet/app/views/users/index.html.erb:26: syntax error, unexpected kENSURE, expecting kEND
C:/Users/AB/Documents/socialnet/app/views/users/index.html.erb:28: syntax error, unexpected $end, expecting kEND
Function body:           def _run_erb_app47views47users47index46html46erb(local_assigns)
            old_output_buffer = output_buffer;;@output_buffer = '';  __in_erb_template=true ; @output_buffer.concat "<h1>Listing users</h1>\n\n"

;  if flash[:error] ; @output_buffer.concat "\n      "
; @output_buffer.concat(( flash[:error] ).to_s); @output_buffer.concat "\n"
;  if flash[:notice] ; @output_buffer.concat "\n      "
; @output_buffer.concat(( flash[:notice] ).to_s); @output_buffer.concat "\n<table>\n  <tr>\n    <th>name</th>\n    <th>login</th>\n    <th>password</th>\n  </tr>\n\n"







;  @users.each do |user| ; @output_buffer.concat "\n  <tr>\n    <td>"

; @output_buffer.concat((h user.name ).to_s); @output_buffer.concat "</td>\n    <td>"
; @output_buffer.concat((h user.login ).to_s); @output_buffer.concat "</td>\n    <td>"
; @output_buffer.concat((h user.password ).to_s); @output_buffer.concat "</td>\n\n    <td>"

; @output_buffer.concat(( link_to 'Destroy', user, :confirm => 'Are you sure?', :method => :delete ).to_s); @output_buffer.concat "</td>\n  </tr>\n"

;  end ; @output_buffer.concat "\n</table>\n\n"


; @output_buffer.concat(( link_to 'New user', new_user_path ).to_s); @output_buffer
          ensure
            self.output_buffer = old_output_buffer
          end
Backtrace: C:/Users/AB/Documents/socialnet/app/views/users/index.html.erb:28:in `compile!'
c:/Ruby/187/lib/ruby/gems/1.8/gems/actionpack-2.3.5/lib/action_view/renderable.rb:61:in `compile'
c:/Ruby/187/lib/ruby/gems/1.8/gems/actionpack-2.3.5/lib/action_view/renderable.rb:28:in `render'
c:/Ruby/187/lib/ruby/gems/1.8/gems/actionpack-2.3.5/lib/action_view/template.rb:205:in `render_template'
c:/Ruby/187/lib/ruby/gems/1.8/gems/actionpack-2.3.5/lib/action_view/base.rb:265:in `render'
c:/Ruby/187/lib/ruby/gems/1.8/gems/actionpack-2.3.5/lib/action_controller/base.rb:1250:in `render_for_file'
c:/Ruby/187/lib/ruby/gems/1.8/gems/actionpack-2.3.5/lib/action_controller/base.rb:945:in `render_without_benchmark'
c:/Ruby/187/lib/ruby/gems/1.8/gems/actionpack-2.3.5/lib/action_controller/benchmarking.rb:51:in `render'
c:/Ruby/187/lib/ruby/gems/1.8/gems/activesupport-2.3.5/lib/active_support/core_ext/benchmark.rb:17:in `ms'
c:/Ruby/187/lib/ruby/1.8/benchmark.rb:308:in `realtime'
c:/Ruby/187/lib/ruby/gems/1.8/gems/activesupport-2.3.5/lib/active_support/core_ext/benchmark.rb:17:in `ms'
c:/Ruby/187/lib/ruby/gems/1.8/gems/actionpack-2.3.5/lib/action_controller/benchmarking.rb:51:in `render'
c:/Ruby/187/lib/ruby/gems/1.8/gems/actionpack-2.3.5/lib/action_controller/base.rb:1326:in `default_render'
c:/Ruby/187/lib/ruby/gems/1.8/gems/actionpack-2.3.5/lib/action_controller/base.rb:1332:in `perform_action_without_filters'
c:/Ruby/187/lib/ruby/gems/1.8/gems/actionpack-2.3.5/lib/action_controller/filters.rb:617:in `call_filters'
c:/Ruby/187/lib/ruby/gems/1.8/gems/actionpack-2.3.5/lib/action_controller/filters.rb:610:in `perform_action_without_benchmark'
c:/Ruby/187/lib/ruby/gems/1.8/gems/actionpack-2.3.5/lib/action_controller/benchmarking.rb:68:in `perform_action_without_rescue'
c:/Ruby/187/lib/ruby/gems/1.8/gems/activesupport-2.3.5/lib/active_support/core_ext/benchmark.rb:17:in `ms'
c:/Ruby/187/lib/ruby/1.8/benchmark.rb:308:in `realtime'
c:/Ruby/187/lib/ruby/gems/1.8/gems/activesupport-2.3.5/lib/active_support/core_ext/benchmark.rb:17:in `ms'
c:/Ruby/187/lib/ruby/gems/1.8/gems/actionpack-2.3.5/lib/action_controller/benchmarking.rb:68:in `perform_action_without_rescue'
c:/Ruby/187/lib/ruby/gems/1.8/gems/actionpack-2.3.5/lib/action_controller/rescue.rb:160:in `perform_action_without_flash'
c:/Ruby/187/lib/ruby/gems/1.8/gems/actionpack-2.3.5/lib/action_controller/flash.rb:146:in `perform_action'
c:/Ruby/187/lib/ruby/gems/1.8/gems/actionpack-2.3.5/lib/action_controller/base.rb:532:in `send'
c:/Ruby/187/lib/ruby/gems/1.8/gems/actionpack-2.3.5/lib/action_controller/base.rb:532:in `process_without_filters'
c:/Ruby/187/lib/ruby/gems/1.8/gems/actionpack-2.3.5/lib/action_controller/filters.rb:606:in `process'
c:/Ruby/187/lib/ruby/gems/1.8/gems/actionpack-2.3.5/lib/action_controller/base.rb:391:in `process'
c:/Ruby/187/lib/ruby/gems/1.8/gems/actionpack-2.3.5/lib/action_controller/base.rb:386:in `call'
c:/Ruby/187/lib/ruby/gems/1.8/gems/actionpack-2.3.5/lib/action_controller/routing/route_set.rb:437:in `call'
c:/Ruby/187/lib/ruby/gems/1.8/gems/actionpack-2.3.5/lib/action_controller/dispatcher.rb:87:in `dispatch'
c:/Ruby/187/lib/ruby/gems/1.8/gems/actionpack-2.3.5/lib/action_controller/dispatcher.rb:121:in `_call'
c:/Ruby/187/lib/ruby/gems/1.8/gems/actionpack-2.3.5/lib/action_controller/dispatcher.rb:130:in `build_middleware_stack'
c:/Ruby/187/lib/ruby/gems/1.8/gems/activerecord-2.3.5/lib/active_record/query_cache.rb:29:in `call'
c:/Ruby/187/lib/ruby/gems/1.8/gems/activerecord-2.3.5/lib/active_record/query_cache.rb:29:in `call'
c:/Ruby/187/lib/ruby/gems/1.8/gems/activerecord-2.3.5/lib/active_record/connection_adapters/abstract/query_cache.rb:34:in `cache'
c:/Ruby/187/lib/ruby/gems/1.8/gems/activerecord-2.3.5/lib/active_record/query_cache.rb:9:in `cache'
c:/Ruby/187/lib/ruby/gems/1.8/gems/activerecord-2.3.5/lib/active_record/query_cache.rb:28:in `call'
c:/Ruby/187/lib/ruby/gems/1.8/gems/activerecord-2.3.5/lib/active_record/connection_adapters/abstract/connection_pool.rb:361:in `call'
c:/Ruby/187/lib/ruby/gems/1.8/gems/actionpack-2.3.5/lib/action_controller/string_coercion.rb:25:in `call'
c:/Ruby/187/lib/ruby/gems/1.8/gems/rack-1.0.1/lib/rack/head.rb:9:in `call'
c:/Ruby/187/lib/ruby/gems/1.8/gems/rack-1.0.1/lib/rack/methodoverride.rb:24:in `call'
c:/Ruby/187/lib/ruby/gems/1.8/gems/actionpack-2.3.5/lib/action_controller/params_parser.rb:15:in `call'
c:/Ruby/187/lib/ruby/gems/1.8/gems/actionpack-2.3.5/lib/action_controller/session/cookie_store.rb:93:in `call'
c:/Ruby/187/lib/ruby/gems/1.8/gems/actionpack-2.3.5/lib/action_controller/failsafe.rb:26:in `call'
c:/Ruby/187/lib/ruby/gems/1.8/gems/rack-1.0.1/lib/rack/lock.rb:11:in `call'
c:/Ruby/187/lib/ruby/gems/1.8/gems/rack-1.0.1/lib/rack/lock.rb:11:in `synchronize'
c:/Ruby/187/lib/ruby/gems/1.8/gems/rack-1.0.1/lib/rack/lock.rb:11:in `call'
c:/Ruby/187/lib/ruby/gems/1.8/gems/actionpack-2.3.5/lib/action_controller/dispatcher.rb:114:in `call'
c:/Ruby/187/lib/ruby/gems/1.8/gems/actionpack-2.3.5/lib/action_controller/reloader.rb:34:in `run'
c:/Ruby/187/lib/ruby/gems/1.8/gems/actionpack-2.3.5/lib/action_controller/dispatcher.rb:108:in `call'
c:/Ruby/187/lib/ruby/gems/1.8/gems/rails-2.3.5/lib/rails/rack/static.rb:31:in `call'
c:/Ruby/187/lib/ruby/gems/1.8/gems/rack-1.0.1/lib/rack/urlmap.rb:46:in `call'
c:/Ruby/187/lib/ruby/gems/1.8/gems/rack-1.0.1/lib/rack/urlmap.rb:40:in `each'
c:/Ruby/187/lib/ruby/gems/1.8/gems/rack-1.0.1/lib/rack/urlmap.rb:40:in `call'
c:/Ruby/187/lib/ruby/gems/1.8/gems/rails-2.3.5/lib/rails/rack/log_tailer.rb:17:in `call'
c:/Ruby/187/lib/ruby/gems/1.8/gems/rack-1.0.1/lib/rack/content_length.rb:13:in `call'
c:/Ruby/187/lib/ruby/gems/1.8/gems/rack-1.0.1/lib/rack/chunked.rb:15:in `call'
c:/Ruby/187/lib/ruby/gems/1.8/gems/rack-1.0.1/lib/rack/handler/mongrel.rb:64:in `process'
c:/Ruby/187/lib/ruby/gems/1.8/gems/mongrel-1.1.5-x86-mswin32-60/lib/mongrel.rb:159:in `process_client'
c:/Ruby/187/lib/ruby/gems/1.8/gems/mongrel-1.1.5-x86-mswin32-60/lib/mongrel.rb:158:in `each'
c:/Ruby/187/lib/ruby/gems/1.8/gems/mongrel-1.1.5-x86-mswin32-60/lib/mongrel.rb:158:in `process_client'
c:/Ruby/187/lib/ruby/gems/1.8/gems/mongrel-1.1.5-x86-mswin32-60/lib/mongrel.rb:285:in `run'
c:/Ruby/187/lib/ruby/gems/1.8/gems/mongrel-1.1.5-x86-mswin32-60/lib/mongrel.rb:285:in `initialize'
c:/Ruby/187/lib/ruby/gems/1.8/gems/mongrel-1.1.5-x86-mswin32-60/lib/mongrel.rb:285:in `new'
c:/Ruby/187/lib/ruby/gems/1.8/gems/mongrel-1.1.5-x86-mswin32-60/lib/mongrel.rb:285:in `run'
c:/Ruby/187/lib/ruby/gems/1.8/gems/mongrel-1.1.5-x86-mswin32-60/lib/mongrel.rb:268:in `initialize'
c:/Ruby/187/lib/ruby/gems/1.8/gems/mongrel-1.1.5-x86-mswin32-60/lib/mongrel.rb:268:in `new'
c:/Ruby/187/lib/ruby/gems/1.8/gems/mongrel-1.1.5-x86-mswin32-60/lib/mongrel.rb:268:in `run'
c:/Ruby/187/lib/ruby/gems/1.8/gems/rack-1.0.1/lib/rack/handler/mongrel.rb:34:in `run'
c:/Ruby/187/lib/ruby/gems/1.8/gems/rails-2.3.5/lib/commands/server.rb:111
c:/Ruby/187/lib/ruby/site_ruby/1.8/rubygems/custom_require.rb:31:in `gem_original_require'
c:/Ruby/187/lib/ruby/site_ruby/1.8/rubygems/custom_require.rb:31:in `require'
script/server:3

ActionView::TemplateError (compile error
C:/Users/AB/Documents/socialnet/app/views/users/index.html.erb:26: syntax error, unexpected kENSURE, expecting kEND
C:/Users/AB/Documents/socialnet/app/views/users/index.html.erb:28: syntax error, unexpected $end, expecting kEND) on line #26 of app/views/users/index.html.erb:
23: </table>
24: 
25: <%= link_to 'New user', new_user_path %>

    app/views/users/index.html.erb:28:in `compile!'

Rendered rescues/_trace (153.0ms)
Rendered rescues/_request_and_response (1.0ms)
Rendering rescues/layout (internal_server_error)


Processing UsersController#index (for 127.0.0.1 at 2010-03-16 22:00:18) [GET]
  [4;36;1mUser Load (14.0ms)[0m   [0;1mSELECT * FROM "users" [0m
Rendering users/index
ERROR: compiling _run_erb_app47views47users47index46html46erb RAISED compile error
C:/Users/AB/Documents/socialnet/app/views/users/index.html.erb:25: syntax error, unexpected kENSURE, expecting kEND
C:/Users/AB/Documents/socialnet/app/views/users/index.html.erb:27: syntax error, unexpected $end, expecting kEND
Function body:           def _run_erb_app47views47users47index46html46erb(local_assigns)
            old_output_buffer = output_buffer;;@output_buffer = '';  __in_erb_template=true ; @output_buffer.concat "<h1>Listing users</h1>\n\n"

;  if flash[:error] ; @output_buffer.concat "\n      "
; @output_buffer.concat(( flash[:error] ).to_s); @output_buffer.concat "\n\n<table>\n  <tr>\n    <th>name</th>\n    <th>login</th>\n    <th>password</th>\n  </tr>\n\n"








;  @users.each do |user| ; @output_buffer.concat "\n  <tr>\n    <td>"

; @output_buffer.concat((h user.name ).to_s); @output_buffer.concat "</td>\n    <td>"
; @output_buffer.concat((h user.login ).to_s); @output_buffer.concat "</td>\n    <td>"
; @output_buffer.concat((h user.password ).to_s); @output_buffer.concat "</td>\n\n    <td>"

; @output_buffer.concat(( link_to 'Destroy', user, :confirm => 'Are you sure?', :method => :delete ).to_s); @output_buffer.concat "</td>\n  </tr>\n"

;  end ; @output_buffer.concat "\n</table>\n\n"


; @output_buffer.concat(( link_to 'New user', new_user_path ).to_s); @output_buffer
          ensure
            self.output_buffer = old_output_buffer
          end
Backtrace: C:/Users/AB/Documents/socialnet/app/views/users/index.html.erb:27:in `compile!'
c:/Ruby/187/lib/ruby/gems/1.8/gems/actionpack-2.3.5/lib/action_view/renderable.rb:61:in `compile'
c:/Ruby/187/lib/ruby/gems/1.8/gems/actionpack-2.3.5/lib/action_view/renderable.rb:28:in `render'
c:/Ruby/187/lib/ruby/gems/1.8/gems/actionpack-2.3.5/lib/action_view/template.rb:205:in `render_template'
c:/Ruby/187/lib/ruby/gems/1.8/gems/actionpack-2.3.5/lib/action_view/base.rb:265:in `render'
c:/Ruby/187/lib/ruby/gems/1.8/gems/actionpack-2.3.5/lib/action_controller/base.rb:1250:in `render_for_file'
c:/Ruby/187/lib/ruby/gems/1.8/gems/actionpack-2.3.5/lib/action_controller/base.rb:945:in `render_without_benchmark'
c:/Ruby/187/lib/ruby/gems/1.8/gems/actionpack-2.3.5/lib/action_controller/benchmarking.rb:51:in `render'
c:/Ruby/187/lib/ruby/gems/1.8/gems/activesupport-2.3.5/lib/active_support/core_ext/benchmark.rb:17:in `ms'
c:/Ruby/187/lib/ruby/1.8/benchmark.rb:308:in `realtime'
c:/Ruby/187/lib/ruby/gems/1.8/gems/activesupport-2.3.5/lib/active_support/core_ext/benchmark.rb:17:in `ms'
c:/Ruby/187/lib/ruby/gems/1.8/gems/actionpack-2.3.5/lib/action_controller/benchmarking.rb:51:in `render'
c:/Ruby/187/lib/ruby/gems/1.8/gems/actionpack-2.3.5/lib/action_controller/base.rb:1326:in `default_render'
c:/Ruby/187/lib/ruby/gems/1.8/gems/actionpack-2.3.5/lib/action_controller/base.rb:1332:in `perform_action_without_filters'
c:/Ruby/187/lib/ruby/gems/1.8/gems/actionpack-2.3.5/lib/action_controller/filters.rb:617:in `call_filters'
c:/Ruby/187/lib/ruby/gems/1.8/gems/actionpack-2.3.5/lib/action_controller/filters.rb:610:in `perform_action_without_benchmark'
c:/Ruby/187/lib/ruby/gems/1.8/gems/actionpack-2.3.5/lib/action_controller/benchmarking.rb:68:in `perform_action_without_rescue'
c:/Ruby/187/lib/ruby/gems/1.8/gems/activesupport-2.3.5/lib/active_support/core_ext/benchmark.rb:17:in `ms'
c:/Ruby/187/lib/ruby/1.8/benchmark.rb:308:in `realtime'
c:/Ruby/187/lib/ruby/gems/1.8/gems/activesupport-2.3.5/lib/active_support/core_ext/benchmark.rb:17:in `ms'
c:/Ruby/187/lib/ruby/gems/1.8/gems/actionpack-2.3.5/lib/action_controller/benchmarking.rb:68:in `perform_action_without_rescue'
c:/Ruby/187/lib/ruby/gems/1.8/gems/actionpack-2.3.5/lib/action_controller/rescue.rb:160:in `perform_action_without_flash'
c:/Ruby/187/lib/ruby/gems/1.8/gems/actionpack-2.3.5/lib/action_controller/flash.rb:146:in `perform_action'
c:/Ruby/187/lib/ruby/gems/1.8/gems/actionpack-2.3.5/lib/action_controller/base.rb:532:in `send'
c:/Ruby/187/lib/ruby/gems/1.8/gems/actionpack-2.3.5/lib/action_controller/base.rb:532:in `process_without_filters'
c:/Ruby/187/lib/ruby/gems/1.8/gems/actionpack-2.3.5/lib/action_controller/filters.rb:606:in `process'
c:/Ruby/187/lib/ruby/gems/1.8/gems/actionpack-2.3.5/lib/action_controller/base.rb:391:in `process'
c:/Ruby/187/lib/ruby/gems/1.8/gems/actionpack-2.3.5/lib/action_controller/base.rb:386:in `call'
c:/Ruby/187/lib/ruby/gems/1.8/gems/actionpack-2.3.5/lib/action_controller/routing/route_set.rb:437:in `call'
c:/Ruby/187/lib/ruby/gems/1.8/gems/actionpack-2.3.5/lib/action_controller/dispatcher.rb:87:in `dispatch'
c:/Ruby/187/lib/ruby/gems/1.8/gems/actionpack-2.3.5/lib/action_controller/dispatcher.rb:121:in `_call'
c:/Ruby/187/lib/ruby/gems/1.8/gems/actionpack-2.3.5/lib/action_controller/dispatcher.rb:130:in `build_middleware_stack'
c:/Ruby/187/lib/ruby/gems/1.8/gems/activerecord-2.3.5/lib/active_record/query_cache.rb:29:in `call'
c:/Ruby/187/lib/ruby/gems/1.8/gems/activerecord-2.3.5/lib/active_record/query_cache.rb:29:in `call'
c:/Ruby/187/lib/ruby/gems/1.8/gems/activerecord-2.3.5/lib/active_record/connection_adapters/abstract/query_cache.rb:34:in `cache'
c:/Ruby/187/lib/ruby/gems/1.8/gems/activerecord-2.3.5/lib/active_record/query_cache.rb:9:in `cache'
c:/Ruby/187/lib/ruby/gems/1.8/gems/activerecord-2.3.5/lib/active_record/query_cache.rb:28:in `call'
c:/Ruby/187/lib/ruby/gems/1.8/gems/activerecord-2.3.5/lib/active_record/connection_adapters/abstract/connection_pool.rb:361:in `call'
c:/Ruby/187/lib/ruby/gems/1.8/gems/actionpack-2.3.5/lib/action_controller/string_coercion.rb:25:in `call'
c:/Ruby/187/lib/ruby/gems/1.8/gems/rack-1.0.1/lib/rack/head.rb:9:in `call'
c:/Ruby/187/lib/ruby/gems/1.8/gems/rack-1.0.1/lib/rack/methodoverride.rb:24:in `call'
c:/Ruby/187/lib/ruby/gems/1.8/gems/actionpack-2.3.5/lib/action_controller/params_parser.rb:15:in `call'
c:/Ruby/187/lib/ruby/gems/1.8/gems/actionpack-2.3.5/lib/action_controller/session/cookie_store.rb:93:in `call'
c:/Ruby/187/lib/ruby/gems/1.8/gems/actionpack-2.3.5/lib/action_controller/failsafe.rb:26:in `call'
c:/Ruby/187/lib/ruby/gems/1.8/gems/rack-1.0.1/lib/rack/lock.rb:11:in `call'
c:/Ruby/187/lib/ruby/gems/1.8/gems/rack-1.0.1/lib/rack/lock.rb:11:in `synchronize'
c:/Ruby/187/lib/ruby/gems/1.8/gems/rack-1.0.1/lib/rack/lock.rb:11:in `call'
c:/Ruby/187/lib/ruby/gems/1.8/gems/actionpack-2.3.5/lib/action_controller/dispatcher.rb:114:in `call'
c:/Ruby/187/lib/ruby/gems/1.8/gems/actionpack-2.3.5/lib/action_controller/reloader.rb:34:in `run'
c:/Ruby/187/lib/ruby/gems/1.8/gems/actionpack-2.3.5/lib/action_controller/dispatcher.rb:108:in `call'
c:/Ruby/187/lib/ruby/gems/1.8/gems/rails-2.3.5/lib/rails/rack/static.rb:31:in `call'
c:/Ruby/187/lib/ruby/gems/1.8/gems/rack-1.0.1/lib/rack/urlmap.rb:46:in `call'
c:/Ruby/187/lib/ruby/gems/1.8/gems/rack-1.0.1/lib/rack/urlmap.rb:40:in `each'
c:/Ruby/187/lib/ruby/gems/1.8/gems/rack-1.0.1/lib/rack/urlmap.rb:40:in `call'
c:/Ruby/187/lib/ruby/gems/1.8/gems/rails-2.3.5/lib/rails/rack/log_tailer.rb:17:in `call'
c:/Ruby/187/lib/ruby/gems/1.8/gems/rack-1.0.1/lib/rack/content_length.rb:13:in `call'
c:/Ruby/187/lib/ruby/gems/1.8/gems/rack-1.0.1/lib/rack/chunked.rb:15:in `call'
c:/Ruby/187/lib/ruby/gems/1.8/gems/rack-1.0.1/lib/rack/handler/mongrel.rb:64:in `process'
c:/Ruby/187/lib/ruby/gems/1.8/gems/mongrel-1.1.5-x86-mswin32-60/lib/mongrel.rb:159:in `process_client'
c:/Ruby/187/lib/ruby/gems/1.8/gems/mongrel-1.1.5-x86-mswin32-60/lib/mongrel.rb:158:in `each'
c:/Ruby/187/lib/ruby/gems/1.8/gems/mongrel-1.1.5-x86-mswin32-60/lib/mongrel.rb:158:in `process_client'
c:/Ruby/187/lib/ruby/gems/1.8/gems/mongrel-1.1.5-x86-mswin32-60/lib/mongrel.rb:285:in `run'
c:/Ruby/187/lib/ruby/gems/1.8/gems/mongrel-1.1.5-x86-mswin32-60/lib/mongrel.rb:285:in `initialize'
c:/Ruby/187/lib/ruby/gems/1.8/gems/mongrel-1.1.5-x86-mswin32-60/lib/mongrel.rb:285:in `new'
c:/Ruby/187/lib/ruby/gems/1.8/gems/mongrel-1.1.5-x86-mswin32-60/lib/mongrel.rb:285:in `run'
c:/Ruby/187/lib/ruby/gems/1.8/gems/mongrel-1.1.5-x86-mswin32-60/lib/mongrel.rb:268:in `initialize'
c:/Ruby/187/lib/ruby/gems/1.8/gems/mongrel-1.1.5-x86-mswin32-60/lib/mongrel.rb:268:in `new'
c:/Ruby/187/lib/ruby/gems/1.8/gems/mongrel-1.1.5-x86-mswin32-60/lib/mongrel.rb:268:in `run'
c:/Ruby/187/lib/ruby/gems/1.8/gems/rack-1.0.1/lib/rack/handler/mongrel.rb:34:in `run'
c:/Ruby/187/lib/ruby/gems/1.8/gems/rails-2.3.5/lib/commands/server.rb:111
c:/Ruby/187/lib/ruby/site_ruby/1.8/rubygems/custom_require.rb:31:in `gem_original_require'
c:/Ruby/187/lib/ruby/site_ruby/1.8/rubygems/custom_require.rb:31:in `require'
script/server:3

ActionView::TemplateError (compile error
C:/Users/AB/Documents/socialnet/app/views/users/index.html.erb:25: syntax error, unexpected kENSURE, expecting kEND
C:/Users/AB/Documents/socialnet/app/views/users/index.html.erb:27: syntax error, unexpected $end, expecting kEND) on line #25 of app/views/users/index.html.erb:
22: </table>
23: 
24: <%= link_to 'New user', new_user_path %>

    app/views/users/index.html.erb:27:in `compile!'

Rendered rescues/_trace (616.0ms)
Rendered rescues/_request_and_response (1.0ms)
Rendering rescues/layout (internal_server_error)


Processing UsersController#index (for 127.0.0.1 at 2010-03-16 22:00:31) [GET]
  [4;35;1mUser Load (1.0ms)[0m   [0mSELECT * FROM "users" [0m
Rendering users/index
Completed in 74ms (View: 51, DB: 1) | 200 OK [http://localhost/users]


Processing UsersController#index (for 127.0.0.1 at 2010-03-16 22:01:35) [GET]
  [4;36;1mUser Load (3.0ms)[0m   [0;1mSELECT * FROM "users" [0m
Rendering users/index
Completed in 167ms (View: 124, DB: 3) | 200 OK [http://localhost/users]


Processing UsersController#index (for 127.0.0.1 at 2010-03-16 22:01:38) [GET]
  [4;35;1mUser Load (2.0ms)[0m   [0mSELECT * FROM "users" [0m
Rendering users/index
Completed in 50ms (View: 27, DB: 2) | 200 OK [http://localhost/users]


Processing UsersController#index (for 127.0.0.1 at 2010-03-16 22:01:40) [GET]
  [4;36;1mUser Load (1.0ms)[0m   [0;1mSELECT * FROM "users" [0m
Rendering users/index
Completed in 88ms (View: 72, DB: 1) | 200 OK [http://localhost/users]


Processing SessionsController#new (for 127.0.0.1 at 2010-03-16 22:01:47) [GET]
Rendering sessions/new
Completed in 16ms (View: 5, DB: 0) | 200 OK [http://localhost/login]


Processing SessionsController#new (for 127.0.0.1 at 2010-03-16 22:02:10) [GET]
Rendering sessions/new
Completed in 15ms (View: 6, DB: 0) | 200 OK [http://localhost/login]


Processing SessionsController#create (for 127.0.0.1 at 2010-03-16 22:02:15) [POST]
  Parameters: {"authenticity_token"=>"lKmsYVgKfDAwtCoD0vh3HFziTcX5Pio03/ulw4QO3uA=", "login"=>"sd", "password"=>"g"}
  [4;35;1mUser Load (3.0ms)[0m   [0mSELECT * FROM "users" [0m
Redirected to http://localhost:3000/login
  [4;36;1mUser Load (1.0ms)[0m   [0;1mSELECT * FROM "users" WHERE ("users"."id" = 3) [0m

ActionController::DoubleRenderError (Render and/or redirect were called multiple times in this action. Please note that you may only call render OR redirect, and at most once per action. Also note that neither redirect nor render terminate execution of the action, so if you want to exit an action after redirecting, you need to do something like "redirect_to(...) and return".):
  app/controllers/sessions_controller.rb:10:in `create'
  app/controllers/sessions_controller.rb:6:in `each'
  app/controllers/sessions_controller.rb:6:in `create'

Rendered rescues/_trace (143.0ms)
Rendered rescues/_request_and_response (1.0ms)
Rendering rescues/layout (internal_server_error)


Processing SessionsController#create (for 127.0.0.1 at 2010-03-16 22:36:54) [POST]
  Parameters: {"authenticity_token"=>"lKmsYVgKfDAwtCoD0vh3HFziTcX5Pio03/ulw4QO3uA=", "login"=>"sd", "password"=>"g"}
  [4;35;1mUser Load (2.0ms)[0m   [0mSELECT * FROM "users" [0m
  [4;36;1mUser Load (3.0ms)[0m   [0;1mSELECT * FROM "users" WHERE ("users"."id" = 3) [0m
Redirected to http://localhost:3000/users
Completed in 32ms (DB: 5) | 302 Found [http://localhost/sessions]


Processing UsersController#index (for 127.0.0.1 at 2010-03-16 22:36:55) [GET]
  [4;35;1mUser Load (2.0ms)[0m   [0mSELECT * FROM "users" [0m
Rendering users/index
Completed in 57ms (View: 34, DB: 2) | 200 OK [http://localhost/users]


Processing UsersController#index (for 127.0.0.1 at 2010-03-16 22:37:01) [GET]
  [4;36;1mUser Load (2.0ms)[0m   [0;1mSELECT * FROM "users" [0m
Rendering users/index
Completed in 78ms (View: 61, DB: 2) | 200 OK [http://localhost/users]


Processing UsersController#index (for 127.0.0.1 at 2010-03-16 22:37:06) [GET]
  [4;35;1mUser Load (1.0ms)[0m   [0mSELECT * FROM "users" [0m
Rendering users/index
Completed in 50ms (View: 27, DB: 1) | 200 OK [http://localhost/]


Processing SessionsController#destroy (for 127.0.0.1 at 2010-03-16 22:37:13) [GET]
Redirected to http://localhost:3000/users
Completed in 8ms (DB: 0) | 302 Found [http://localhost/logout]


Processing UsersController#index (for 127.0.0.1 at 2010-03-16 22:37:14) [GET]
  [4;36;1mUser Load (2.0ms)[0m   [0;1mSELECT * FROM "users" [0m
Rendering users/index
Completed in 75ms (View: 50, DB: 2) | 200 OK [http://localhost/users]


Processing SessionsController#new (for 127.0.0.1 at 2010-03-16 22:37:20) [GET]
Rendering sessions/new
Completed in 16ms (View: 6, DB: 0) | 200 OK [http://localhost/login]


Processing SessionsController#create (for 127.0.0.1 at 2010-03-16 22:37:27) [POST]
  Parameters: {"authenticity_token"=>"UHO3fuJvR3NssxATbKX6VtJb+4TAAALMQkC0c5VG088=", "login"=>"sashabelozerov", "password"=>"1"}
  [4;35;1mUser Load (1.0ms)[0m   [0mSELECT * FROM "users" [0m
Redirected to http://localhost:3000/login
Completed in 31ms (DB: 1) | 302 Found [http://localhost/sessions]


Processing SessionsController#new (for 127.0.0.1 at 2010-03-16 22:37:28) [GET]
Rendering sessions/new
Completed in 12ms (View: 7, DB: 0) | 200 OK [http://localhost/login]


Processing SessionsController#create (for 127.0.0.1 at 2010-03-16 22:37:32) [POST]
  Parameters: {"authenticity_token"=>"UHO3fuJvR3NssxATbKX6VtJb+4TAAALMQkC0c5VG088=", "login"=>"sd", "password"=>"g"}
  [4;36;1mUser Load (2.0ms)[0m   [0;1mSELECT * FROM "users" [0m
  [4;35;1mUser Load (1.0ms)[0m   [0mSELECT * FROM "users" WHERE ("users"."id" = 3) [0m
Redirected to http://localhost:3000/users
Completed in 36ms (DB: 3) | 302 Found [http://localhost/sessions]


Processing UsersController#index (for 127.0.0.1 at 2010-03-16 22:37:34) [GET]
  [4;36;1mUser Load (3.0ms)[0m   [0;1mSELECT * FROM "users" [0m
Rendering users/index
Completed in 264ms (View: 22, DB: 3) | 200 OK [http://localhost/users]


Processing UsersController#destroy (for 127.0.0.1 at 2010-03-16 22:37:45) [DELETE]
  Parameters: {"authenticity_token"=>"UHO3fuJvR3NssxATbKX6VtJb+4TAAALMQkC0c5VG088=", "id"=>"3"}
  [4;35;1mUser Load (1.0ms)[0m   [0mSELECT * FROM "users" WHERE ("users"."id" = 3) [0m
  [4;36;1mUser Destroy (1.0ms)[0m   [0;1mDELETE FROM "users" WHERE "id" = 3[0m
Redirected to http://localhost:3000/users
Completed in 176ms (DB: 2) | 302 Found [http://localhost/users/3]


Processing UsersController#index (for 127.0.0.1 at 2010-03-16 22:37:46) [GET]
  [4;35;1mUser Load (2.0ms)[0m   [0mSELECT * FROM "users" [0m
Rendering users/index
Completed in 84ms (View: 59, DB: 2) | 200 OK [http://localhost/users]


Processing UsersController#index (for 127.0.0.1 at 2010-03-16 22:39:53) [GET]
  [4;36;1mUser Load (3.0ms)[0m   [0;1mSELECT * FROM "users" [0m
Rendering users/index
Completed in 82ms (View: 51, DB: 3) | 200 OK [http://localhost/users]


Processing UsersController#new (for 127.0.0.1 at 2010-03-16 22:39:55) [GET]
Rendering users/new
Completed in 36ms (View: 19, DB: 0) | 200 OK [http://localhost/users/new]


Processing UsersController#create (for 127.0.0.1 at 2010-03-16 22:39:58) [POST]
  Parameters: {"commit"=>"Create", "authenticity_token"=>"UHO3fuJvR3NssxATbKX6VtJb+4TAAALMQkC0c5VG088=", "user"=>{"name"=>"1", "password"=>"3", "login"=>"2"}}
  [4;35;1mUser Create (2.0ms)[0m   [0mINSERT INTO "users" ("name", "created_at", "updated_at", "login", "password") VALUES('1', '2010-03-16 16:39:58', '2010-03-16 16:39:58', '2', '3')[0m
Redirected to http://localhost:3000/users
Completed in 144ms (DB: 2) | 302 Found [http://localhost/users]


Processing UsersController#index (for 127.0.0.1 at 2010-03-16 22:39:59) [GET]
  [4;36;1mUser Load (1.0ms)[0m   [0;1mSELECT * FROM "users" [0m
Rendering users/index
Completed in 57ms (View: 31, DB: 1) | 200 OK [http://localhost/users]


Processing UsersController#new (for 127.0.0.1 at 2010-03-16 22:40:01) [GET]
Rendering users/new
Completed in 34ms (View: 17, DB: 0) | 200 OK [http://localhost/users/new]


Processing UsersController#create (for 127.0.0.1 at 2010-03-16 22:40:05) [POST]
  Parameters: {"commit"=>"Create", "authenticity_token"=>"UHO3fuJvR3NssxATbKX6VtJb+4TAAALMQkC0c5VG088=", "user"=>{"name"=>"4", "password"=>"6", "login"=>"5"}}
  [4;35;1mUser Create (3.0ms)[0m   [0mINSERT INTO "users" ("name", "created_at", "updated_at", "login", "password") VALUES('4', '2010-03-16 16:40:05', '2010-03-16 16:40:05', '5', '6')[0m
Redirected to http://localhost:3000/users
Completed in 193ms (DB: 3) | 302 Found [http://localhost/users]


Processing UsersController#index (for 127.0.0.1 at 2010-03-16 22:40:06) [GET]
  [4;36;1mUser Load (2.0ms)[0m   [0;1mSELECT * FROM "users" [0m
Rendering users/index
Completed in 56ms (View: 32, DB: 2) | 200 OK [http://localhost/users]


Processing SessionsController#new (for 127.0.0.1 at 2010-03-16 22:40:11) [GET]
Rendering sessions/new
Completed in 11ms (View: 7, DB: 0) | 200 OK [http://localhost/login]


Processing SessionsController#create (for 127.0.0.1 at 2010-03-16 22:40:15) [POST]
  Parameters: {"authenticity_token"=>"UHO3fuJvR3NssxATbKX6VtJb+4TAAALMQkC0c5VG088=", "login"=>"2", "password"=>"3"}
  [4;35;1mUser Load (3.0ms)[0m   [0mSELECT * FROM "users" [0m
  [4;36;1mUser Load (1.0ms)[0m   [0;1mSELECT * FROM "users" WHERE ("users"."id" = 4) [0m
Redirected to http://localhost:3000/users
Completed in 31ms (DB: 4) | 302 Found [http://localhost/sessions]


Processing UsersController#index (for 127.0.0.1 at 2010-03-16 22:40:17) [GET]
  [4;35;1mUser Load (1.0ms)[0m   [0mSELECT * FROM "users" [0m
Rendering users/index
Completed in 64ms (View: 41, DB: 1) | 200 OK [http://localhost/users]


Processing UsersController#index (for 127.0.0.1 at 2010-03-16 22:41:07) [GET]
  [4;36;1mUser Load (9.0ms)[0m   [0;1mSELECT * FROM "users" [0m
Rendering users/index
Completed in 309ms (View: 251, DB: 9) | 200 OK [http://localhost/users]


Processing UsersController#index (for 127.0.0.1 at 2010-03-16 22:41:38) [GET]
  [4;35;1mUser Load (2.0ms)[0m   [0mSELECT * FROM "users" [0m
Rendering users/index
Completed in 74ms (View: 53, DB: 2) | 200 OK [http://localhost/users]


Processing UsersController#index (for 127.0.0.1 at 2010-03-16 22:41:42) [GET]
  [4;36;1mUser Load (2.0ms)[0m   [0;1mSELECT * FROM "users" [0m
Rendering users/index
Completed in 68ms (View: 45, DB: 2) | 200 OK [http://localhost/users]


Processing UsersController#index (for 127.0.0.1 at 2010-03-16 22:42:00) [GET]
  [4;35;1mUser Load (2.0ms)[0m   [0mSELECT * FROM "users" [0m
Rendering users/index
Completed in 68ms (View: 53, DB: 2) | 200 OK [http://localhost/users]


Processing UsersController#index (for 127.0.0.1 at 2010-03-16 22:42:21) [GET]
  [4;36;1mUser Load (2.0ms)[0m   [0;1mSELECT * FROM "users" [0m
Rendering users/index
Completed in 92ms (View: 69, DB: 2) | 200 OK [http://localhost/users]


Processing SessionsController#new (for 127.0.0.1 at 2010-03-16 22:42:31) [GET]
Rendering sessions/new
Completed in 11ms (View: 9, DB: 0) | 200 OK [http://localhost/login]


Processing SessionsController#create (for 127.0.0.1 at 2010-03-16 22:42:36) [POST]
  Parameters: {"authenticity_token"=>"UHO3fuJvR3NssxATbKX6VtJb+4TAAALMQkC0c5VG088=", "login"=>"5", "password"=>"6"}
  [4;35;1mUser Load (3.0ms)[0m   [0mSELECT * FROM "users" [0m
  [4;36;1mUser Load (0.0ms)[0m   [0;1mSELECT * FROM "users" WHERE ("users"."id" = 5) [0m
Redirected to http://localhost:3000/users
Completed in 42ms (DB: 3) | 302 Found [http://localhost/sessions]


Processing UsersController#index (for 127.0.0.1 at 2010-03-16 22:42:37) [GET]
  [4;35;1mUser Load (10.0ms)[0m   [0mSELECT * FROM "users" [0m
Rendering users/index
Completed in 78ms (View: 33, DB: 10) | 200 OK [http://localhost/users]


Processing SessionsController#destroy (for 127.0.0.1 at 2010-03-16 22:42:43) [GET]
Redirected to http://localhost:3000/users
Completed in 4ms (DB: 0) | 302 Found [http://localhost/logout]


Processing UsersController#index (for 127.0.0.1 at 2010-03-16 22:42:44) [GET]
  [4;36;1mUser Load (1.0ms)[0m   [0;1mSELECT * FROM "users" [0m
Rendering users/index
Completed in 64ms (View: 41, DB: 1) | 200 OK [http://localhost/users]


Processing UsersController#index (for 127.0.0.1 at 2010-03-16 22:46:40) [GET]
  [4;35;1mUser Load (9.0ms)[0m   [0mSELECT * FROM "users" [0m
Rendering users/index
Completed in 56ms (View: 33, DB: 9) | 200 OK [http://localhost/users]


Processing SessionsController#new (for 127.0.0.1 at 2010-03-16 22:47:07) [GET]
Rendering sessions/new
Completed in 19ms (View: 6, DB: 0) | 200 OK [http://localhost/login]


Processing SessionsController#create (for 127.0.0.1 at 2010-03-16 22:47:11) [POST]
  Parameters: {"authenticity_token"=>"wkiS/owP8AaF4/1pzbVSthA/J4qvsdDQJyHxw8U4Xd4=", "login"=>"2", "password"=>"3"}
  [4;36;1mUser Load (2.0ms)[0m   [0;1mSELECT * FROM "users" [0m
  [4;35;1mUser Load (1.0ms)[0m   [0mSELECT * FROM "users" WHERE ("users"."id" = 4) [0m
Redirected to http://localhost:3000/users
Completed in 232ms (DB: 3) | 302 Found [http://localhost/sessions]


Processing UsersController#index (for 127.0.0.1 at 2010-03-16 22:47:13) [GET]
  [4;36;1mUser Load (3.0ms)[0m   [0;1mSELECT * FROM "users" [0m
Rendering users/index
Completed in 49ms (View: 31, DB: 3) | 200 OK [http://localhost/users]


Processing SessionsController#destroy (for 127.0.0.1 at 2010-03-16 22:47:23) [GET]
Redirected to http://localhost:3000/users
Completed in 4ms (DB: 0) | 302 Found [http://localhost/logout]


Processing UsersController#index (for 127.0.0.1 at 2010-03-16 22:47:24) [GET]
  [4;35;1mUser Load (2.0ms)[0m   [0mSELECT * FROM "users" [0m
Rendering users/index
Completed in 122ms (View: 90, DB: 2) | 200 OK [http://localhost/users]


Processing SessionsController#new (for 127.0.0.1 at 2010-03-16 23:05:24) [GET]
Rendering sessions/new
Completed in 12ms (View: 7, DB: 0) | 200 OK [http://localhost/login]


Processing SessionsController#create (for 127.0.0.1 at 2010-03-16 23:05:29) [POST]
  Parameters: {"authenticity_token"=>"aCUptL2PXTUsMepUgKSpKXI9AF34xwUtbPm213G8GM0=", "login"=>"5", "password"=>"6"}
  [4;36;1mUser Load (2.0ms)[0m   [0;1mSELECT * FROM "users" [0m
  [4;35;1mUser Load (1.0ms)[0m   [0mSELECT * FROM "users" WHERE ("users"."id" = 5) [0m
Redirected to http://localhost:3000/users
Completed in 42ms (DB: 3) | 302 Found [http://localhost/sessions]


Processing UsersController#index (for 127.0.0.1 at 2010-03-16 23:05:30) [GET]
  [4;36;1mUser Load (2.0ms)[0m   [0;1mSELECT * FROM "users" [0m
Rendering users/index
Completed in 147ms (View: 64, DB: 2) | 200 OK [http://localhost/users]


Processing SessionsController#new (for 127.0.0.1 at 2010-03-16 23:06:16) [GET]
Rendering sessions/new
Completed in 29ms (View: 25, DB: 0) | 200 OK [http://localhost/login]


Processing SessionsController#new (for 127.0.0.1 at 2010-03-16 23:09:21) [GET]
Rendering sessions/new
Completed in 31ms (View: 27, DB: 0) | 200 OK [http://localhost/login]


Processing UsersController#index (for 127.0.0.1 at 2010-03-16 23:09:49) [GET]
  [4;35;1mUser Load (4.0ms)[0m   [0mSELECT * FROM "users" [0m
Rendering users/index
Completed in 60ms (View: 33, DB: 4) | 200 OK [http://localhost/users]


Processing SessionsController#new (for 127.0.0.1 at 2010-03-16 23:10:34) [GET]
Rendering sessions/new
Completed in 31ms (View: 27, DB: 0) | 200 OK [http://localhost/login]


Processing SessionsController#new (for 127.0.0.1 at 2010-03-16 23:11:10) [GET]
Rendering sessions/new
Completed in 240ms (View: 235, DB: 0) | 200 OK [http://localhost/login]


Processing SessionsController#new (for 127.0.0.1 at 2010-03-16 23:11:13) [GET]
Rendering sessions/new
Completed in 10ms (View: 6, DB: 0) | 200 OK [http://localhost/login]


Processing UsersController#index (for 127.0.0.1 at 2010-03-16 23:12:18) [GET]
  [4;36;1mUser Load (2.0ms)[0m   [0;1mSELECT * FROM "users" [0m
Rendering users/index
Completed in 55ms (View: 34, DB: 2) | 200 OK [http://localhost/]


Processing SessionsController#new (for 127.0.0.1 at 2010-03-16 23:12:23) [GET]
Rendering sessions/new
Completed in 27ms (View: 23, DB: 0) | 200 OK [http://localhost/login]


Processing SessionsController#new (for 127.0.0.1 at 2010-03-16 23:37:13) [GET]
Rendering sessions/new
Completed in 16ms (View: 13, DB: 0) | 200 OK [http://localhost/]


Processing SessionsController#new (for 127.0.0.1 at 2010-03-16 23:39:36) [GET]
Rendering sessions/new
Completed in 11ms (View: 7, DB: 0) | 200 OK [http://localhost/]


Processing SessionsController#create (for 127.0.0.1 at 2010-03-16 23:39:40) [POST]
  Parameters: {"authenticity_token"=>"aCUptL2PXTUsMepUgKSpKXI9AF34xwUtbPm213G8GM0=", "login"=>"2", "password"=>"3"}
  [4;35;1mUser Load (2.0ms)[0m   [0mSELECT * FROM "users" [0m
  [4;36;1mUser Load (3.0ms)[0m   [0;1mSELECT * FROM "users" WHERE ("users"."id" = 4) [0m

ActionController::RoutingError (user_url failed to generate from {:controller=>"users", :action=>"show"} - you may have ambiguous routes, or you may need to supply additional parameters for this route.  content_url has the following required parameters: ["users", :id] - are they all satisfied?):
  (eval):16:in `user_url'
  app/controllers/sessions_controller.rb:10:in `create'
  app/controllers/sessions_controller.rb:6:in `each'
  app/controllers/sessions_controller.rb:6:in `create'

Rendering rescues/layout (not_found)


Processing SessionsController#new (for 127.0.0.1 at 2010-03-16 23:41:13) [GET]
Rendering sessions/new
Completed in 20ms (View: 8, DB: 0) | 200 OK [http://localhost/login]


Processing SessionsController#create (for 127.0.0.1 at 2010-03-16 23:41:17) [POST]
  Parameters: {"authenticity_token"=>"aCUptL2PXTUsMepUgKSpKXI9AF34xwUtbPm213G8GM0=", "login"=>"2", "password"=>"3"}
  [4;35;1mUser Load (2.0ms)[0m   [0mSELECT * FROM "users" [0m
  [4;36;1mUser Load (2.0ms)[0m   [0;1mSELECT * FROM "users" WHERE ("users"."id" = 4) [0m

ActionController::RoutingError (user_url failed to generate from {:controller=>"users", :action=>"show"} - you may have ambiguous routes, or you may need to supply additional parameters for this route.  content_url has the following required parameters: ["users", :id] - are they all satisfied?):
  (eval):16:in `user_url'
  app/controllers/sessions_controller.rb:10:in `create'
  app/controllers/sessions_controller.rb:6:in `each'
  app/controllers/sessions_controller.rb:6:in `create'

Rendering rescues/layout (not_found)


Processing SessionsController#create (for 127.0.0.1 at 2010-03-16 23:42:48) [POST]
  Parameters: {"authenticity_token"=>"aCUptL2PXTUsMepUgKSpKXI9AF34xwUtbPm213G8GM0=", "login"=>"2", "password"=>"3"}
  [4;35;1mUser Load (2.0ms)[0m   [0mSELECT * FROM "users" [0m
  [4;36;1mUser Load (1.0ms)[0m   [0;1mSELECT * FROM "users" WHERE ("users"."id" = 4) [0m
Redirected to http://localhost:3000/users/4
Completed in 32ms (DB: 3) | 302 Found [http://localhost/sessions]


Processing UsersController#show (for 127.0.0.1 at 2010-03-16 23:42:49) [GET]
  Parameters: {"id"=>"4"}
  [4;35;1mUser Load (9.0ms)[0m   [0mSELECT * FROM "users" WHERE ("users"."id" = 4) [0m
Rendering users/show
Completed in 45ms (View: 17, DB: 9) | 200 OK [http://localhost/users/4]


Processing SessionsController#new (for 127.0.0.1 at 2010-03-16 23:42:54) [GET]
Rendering sessions/new
Completed in 36ms (View: 27, DB: 0) | 200 OK [http://localhost/]


Processing UsersController#index (for 127.0.0.1 at 2010-03-16 23:42:58) [GET]
  [4;36;1mUser Load (4.0ms)[0m   [0;1mSELECT * FROM "users" [0m
Rendering users/index
Completed in 306ms (View: 277, DB: 4) | 200 OK [http://localhost/users]


Processing SessionsController#destroy (for 127.0.0.1 at 2010-03-16 23:43:06) [GET]
Redirected to http://localhost:3000/users
Completed in 5ms (DB: 0) | 302 Found [http://localhost/logout]


Processing UsersController#index (for 127.0.0.1 at 2010-03-16 23:43:07) [GET]
  [4;35;1mUser Load (1.0ms)[0m   [0mSELECT * FROM "users" [0m
Rendering users/index
Completed in 67ms (View: 40, DB: 1) | 200 OK [http://localhost/users]


Processing SessionsController#new (for 127.0.0.1 at 2010-03-16 23:43:12) [GET]
Rendering sessions/new
Completed in 8ms (View: 5, DB: 0) | 200 OK [http://localhost/login]


Processing SessionsController#create (for 127.0.0.1 at 2010-03-16 23:43:18) [POST]
  Parameters: {"authenticity_token"=>"EzzzBjsAht1+2zTF3pJKme8AaWKvz9rtONCm1NGK/ko=", "login"=>"5", "password"=>"6"}
  [4;36;1mUser Load (1.0ms)[0m   [0;1mSELECT * FROM "users" [0m
  [4;35;1mUser Load (1.0ms)[0m   [0mSELECT * FROM "users" WHERE ("users"."id" = 5) [0m
Redirected to http://localhost:3000/users/5
Completed in 73ms (DB: 2) | 302 Found [http://localhost/sessions]


Processing UsersController#show (for 127.0.0.1 at 2010-03-16 23:43:19) [GET]
  Parameters: {"id"=>"5"}
  [4;36;1mUser Load (2.0ms)[0m   [0;1mSELECT * FROM "users" WHERE ("users"."id" = 5) [0m
Rendering users/show
Completed in 29ms (View: 3, DB: 2) | 200 OK [http://localhost/users/5]


Processing SessionsController#new (for 127.0.0.1 at 2010-03-16 23:43:49) [GET]
Rendering sessions/new
Completed in 12ms (View: 8, DB: 0) | 200 OK [http://localhost/]


Processing SessionsController#show (for 127.0.0.1 at 2010-03-17 00:46:42) [GET]
  Parameters: {"id"=>"1"}

ActionController::UnknownAction (No action responded to show. Actions: create and destroy):
  

Rendering rescues/layout (not_found)


Processing SessionsController#show (for 127.0.0.1 at 2010-03-17 00:46:53) [GET]
  Parameters: {"id"=>"create"}

ActionController::UnknownAction (No action responded to show. Actions: create and destroy):
  

Rendering rescues/layout (not_found)


Processing SessionsController#show (for 127.0.0.1 at 2010-03-17 00:46:59) [GET]
  Parameters: {"id"=>"create"}

ActionController::UnknownAction (No action responded to show. Actions: create and destroy):
  

Rendering rescues/layout (not_found)


Processing SessionsController#new (for 127.0.0.1 at 2010-03-17 00:47:08) [GET]
Rendering sessions/new
Completed in 38ms (View: 30, DB: 0) | 200 OK [http://localhost/sessions/new]


Processing SessionsController#new (for 127.0.0.1 at 2010-03-17 00:47:15) [GET]
Rendering sessions/new
Completed in 68ms (View: 30, DB: 0) | 200 OK [http://localhost/login]


Processing SessionsController#create (for 127.0.0.1 at 2010-03-17 00:47:23) [POST]
  Parameters: {"authenticity_token"=>"EzzzBjsAht1+2zTF3pJKme8AaWKvz9rtONCm1NGK/ko=", "login"=>"2", "password"=>"3"}
  [4;35;1mUser Load (10.0ms)[0m   [0mSELECT * FROM "users" [0m
  [4;36;1mUser Load (2.0ms)[0m   [0;1mSELECT * FROM "users" WHERE ("users"."id" = 4) [0m
Redirected to http://localhost:3000/users/4
Completed in 153ms (DB: 12) | 302 Found [http://localhost/sessions]


Processing UsersController#show (for 127.0.0.1 at 2010-03-17 00:47:25) [GET]
  Parameters: {"id"=>"4"}
  [4;35;1mUser Load (22.0ms)[0m   [0mSELECT * FROM "users" WHERE ("users"."id" = 4) [0m
Rendering users/show
Completed in 123ms (View: 18, DB: 22) | 200 OK [http://localhost/users/4]


Processing UsersController#index (for 127.0.0.1 at 2010-03-17 00:47:30) [GET]
  [4;36;1mUser Load (4.0ms)[0m   [0;1mSELECT * FROM "users" [0m
Rendering users/index
Completed in 107ms (View: 66, DB: 4) | 200 OK [http://localhost/users/]
